<?xml version="1.0" encoding="UTF-8"?>
<!-- Generated by org.testng.reporters.JUnitReportReporter -->
<testsuite hostname="LAPTOP-FTAB5E8O" failures="0" tests="1" name="Project" time="242.966" errors="0" timestamp="2022-04-08T00:05:12 IST" skipped="0">
  <testcase classname="Project" name="f" time="242.966"/>
  <system-out/>
</testsuite> <!-- Project -->
